<?xml version="1.0" ?>
<coverage branch-rate="0" branches-covered="0" branches-valid="0" complexity="0" line-rate="0.9" lines-covered="9" lines-valid="10" timestamp="1610690302549" version="5.3">
	<!-- Generated by coverage.py: https://coverage.readthedocs.io -->
	<!-- Based on https://raw.githubusercontent.com/cobertura/web/master/htdocs/xml/coverage-04.dtd -->
	<sources>
		<source>C:\Users\SHUBHAM\.spyder-py3</source>
	</sources>
	<packages>
		<package branch-rate="0" complexity="0" line-rate="0.9" name=".">
			<classes>
				<class branch-rate="0" complexity="0" filename="test_code.py" line-rate="0.9" name="test_code.py">
					<methods/>
					<lines>
						<line hits="1" number="2"/>
						<line hits="1" number="8"/>
						<line hits="1" number="10"/>
						<line hits="1" number="11"/>
						<line hits="1" number="12"/>
						<line hits="1" number="14"/>
						<line hits="1" number="15"/>
						<line hits="1" number="16"/>
						<line hits="1" number="18"/>
						<line hits="0" number="19"/>
					</lines>
				</class>
			</classes>
		</package>
	</packages>
</coverage>
